Determining if the pthread_create exist failed with the following output:
Change Dir: /home/workspace/SFND_Lidar_Obstacle_Detection/build/CMakeFiles/CMakeTmp

Run Build Command:"/usr/bin/make" "cmTC_351e8/fast"
/usr/bin/make -f CMakeFiles/cmTC_351e8.dir/build.make CMakeFiles/cmTC_351e8.dir/build
make[1]: Entering directory '/home/workspace/SFND_Lidar_Obstacle_Detection/build/CMakeFiles/CMakeTmp'
Building C object CMakeFiles/cmTC_351e8.dir/CheckSymbolExists.c.o
/usr/bin/cc    -o CMakeFiles/cmTC_351e8.dir/CheckSymbolExists.c.o   -c /home/workspace/SFND_Lidar_Obstacle_Detection/build/CMakeFiles/CMakeTmp/CheckSymbolExists.c
Linking C executable cmTC_351e8
/usr/local/bin/cmake -E cmake_link_script CMakeFiles/cmTC_351e8.dir/link.txt --verbose=1
/usr/bin/cc      -rdynamic CMakeFiles/cmTC_351e8.dir/CheckSymbolExists.c.o  -o cmTC_351e8 
CMakeFiles/cmTC_351e8.dir/CheckSymbolExists.c.o: In function `main':
CheckSymbolExists.c:(.text+0x16): undefined reference to `pthread_create'
collect2: error: ld returned 1 exit status
CMakeFiles/cmTC_351e8.dir/build.make:86: recipe for target 'cmTC_351e8' failed
make[1]: *** [cmTC_351e8] Error 1
make[1]: Leaving directory '/home/workspace/SFND_Lidar_Obstacle_Detection/build/CMakeFiles/CMakeTmp'
Makefile:121: recipe for target 'cmTC_351e8/fast' failed
make: *** [cmTC_351e8/fast] Error 2

File /home/workspace/SFND_Lidar_Obstacle_Detection/build/CMakeFiles/CMakeTmp/CheckSymbolExists.c:
/* */
#include <pthread.h>

int main(int argc, char** argv)
{
  (void)argv;
#ifndef pthread_create
  return ((int*)(&pthread_create))[argc];
#else
  (void)argc;
  return 0;
#endif
}

Determining if the function pthread_create exists in the pthreads failed with the following output:
Change Dir: /home/workspace/SFND_Lidar_Obstacle_Detection/build/CMakeFiles/CMakeTmp

Run Build Command:"/usr/bin/make" "cmTC_8171c/fast"
/usr/bin/make -f CMakeFiles/cmTC_8171c.dir/build.make CMakeFiles/cmTC_8171c.dir/build
make[1]: Entering directory '/home/workspace/SFND_Lidar_Obstacle_Detection/build/CMakeFiles/CMakeTmp'
Building C object CMakeFiles/cmTC_8171c.dir/CheckFunctionExists.c.o
/usr/bin/cc   -DCHECK_FUNCTION_EXISTS=pthread_create   -o CMakeFiles/cmTC_8171c.dir/CheckFunctionExists.c.o   -c /usr/local/share/cmake-3.13/Modules/CheckFunctionExists.c
Linking C executable cmTC_8171c
/usr/local/bin/cmake -E cmake_link_script CMakeFiles/cmTC_8171c.dir/link.txt --verbose=1
/usr/bin/cc  -DCHECK_FUNCTION_EXISTS=pthread_create    -rdynamic CMakeFiles/cmTC_8171c.dir/CheckFunctionExists.c.o  -o cmTC_8171c -lpthreads 
/usr/bin/ld: cannot find -lpthreads
collect2: error: ld returned 1 exit status
CMakeFiles/cmTC_8171c.dir/build.make:86: recipe for target 'cmTC_8171c' failed
make[1]: *** [cmTC_8171c] Error 1
make[1]: Leaving directory '/home/workspace/SFND_Lidar_Obstacle_Detection/build/CMakeFiles/CMakeTmp'
Makefile:121: recipe for target 'cmTC_8171c/fast' failed
make: *** [cmTC_8171c/fast] Error 2


